<?xml version="1.0" encoding="UTF-8"?>
<!-- Generated by org.testng.reporters.JUnitReportReporter -->
<testsuite hostname="e46adbc90498" failures="0" tests="9" name="com.vishnu.tests.vendorportal.VendorPortalTest" time="21.954" errors="0" timestamp="2026-01-29T19:08:30 GMT" skipped="0">
  <testcase classname="com.vishnu.tests.vendorportal.VendorPortalTest" name="logoutTest" time="3.001"/>
  <testcase classname="com.vishnu.tests.vendorportal.VendorPortalTest" name="loginTest" time="1.876"/>
  <testcase classname="com.vishnu.tests.vendorportal.VendorPortalTest" name="loginTest" time="1.890"/>
  <testcase classname="com.vishnu.tests.vendorportal.VendorPortalTest" name="logoutTest" time="2.151"/>
  <testcase classname="com.vishnu.tests.vendorportal.VendorPortalTest" name="logoutTest" time="2.337"/>
  <testcase classname="com.vishnu.tests.vendorportal.VendorPortalTest" name="dashboardTest" time="2.864"/>
  <testcase classname="com.vishnu.tests.vendorportal.VendorPortalTest" name="loginTest" time="1.868"/>
  <testcase classname="com.vishnu.tests.vendorportal.VendorPortalTest" name="dashboardTest" time="2.397"/>
  <testcase classname="com.vishnu.tests.vendorportal.VendorPortalTest" name="dashboardTest" time="3.570"/>
</testsuite> <!-- com.vishnu.tests.vendorportal.VendorPortalTest -->
