<?xml version="1.0" encoding="UTF-8"?>
<testng-results ignored="0" total="9" passed="9" failed="0" skipped="0">
  <reporter-output>
  </reporter-output>
  <suite started-at="2026-01-29T19:08:20 GMT" name="vendor-portal" finished-at="2026-01-29T19:08:30 GMT" duration-ms="10132">
    <groups>
    </groups>
    <test started-at="2026-01-29T19:08:20 GMT" name="user-mike" finished-at="2026-01-29T19:08:28 GMT" duration-ms="8789">
      <class name="com.vishnu.tests.vendorportal.VendorPortalTest">
        <test-method is-config="true" signature="setDriver(org.testng.ITestContext)[pri:0, instance:com.vishnu.tests.vendorportal.VendorPortalTest@1ab06251]" started-at="2026-01-29T19:08:20 GMT" name="setDriver" finished-at="2026-01-29T19:08:21 GMT" duration-ms="1802" status="PASS">
          <params>
            <param index="0">
              <value>
                <![CDATA[org.testng.TestRunner@6f63b475]]>
              </value>
            </param>
          </params>
          <reporter-output>
          </reporter-output>
        </test-method> <!-- setDriver -->
        <test-method is-config="true" signature="setPageObjects(java.lang.String)[pri:0, instance:com.vishnu.tests.vendorportal.VendorPortalTest@1ab06251]" started-at="2026-01-29T19:08:21 GMT" name="setPageObjects" finished-at="2026-01-29T19:08:22 GMT" depends-on-methods="com.vishnu.tests.AbstractTest.setDriver" duration-ms="356" status="PASS">
          <params>
            <param index="0">
              <value>
                <![CDATA[test-data/vendor-portal/mike.json]]>
              </value>
            </param>
          </params>
          <reporter-output>
          </reporter-output>
        </test-method> <!-- setPageObjects -->
        <test-method signature="loginTest()[pri:0, instance:com.vishnu.tests.vendorportal.VendorPortalTest@1ab06251]" started-at="2026-01-29T19:08:22 GMT" name="loginTest" finished-at="2026-01-29T19:08:24 GMT" duration-ms="1876" status="PASS">
          <reporter-output>
          </reporter-output>
        </test-method> <!-- loginTest -->
        <test-method signature="dashboardTest()[pri:0, instance:com.vishnu.tests.vendorportal.VendorPortalTest@1ab06251]" started-at="2026-01-29T19:08:24 GMT" name="dashboardTest" finished-at="2026-01-29T19:08:26 GMT" depends-on-methods="com.vishnu.tests.vendorportal.VendorPortalTest.loginTest" duration-ms="2397" status="PASS">
          <reporter-output>
          </reporter-output>
        </test-method> <!-- dashboardTest -->
        <test-method signature="logoutTest()[pri:0, instance:com.vishnu.tests.vendorportal.VendorPortalTest@1ab06251]" started-at="2026-01-29T19:08:26 GMT" name="logoutTest" finished-at="2026-01-29T19:08:28 GMT" depends-on-methods="com.vishnu.tests.vendorportal.VendorPortalTest.dashboardTest" duration-ms="2151" status="PASS">
          <reporter-output>
          </reporter-output>
        </test-method> <!-- logoutTest -->
        <test-method is-config="true" signature="quitDriver()[pri:0, instance:com.vishnu.tests.vendorportal.VendorPortalTest@1ab06251]" started-at="2026-01-29T19:08:28 GMT" name="quitDriver" finished-at="2026-01-29T19:08:28 GMT" duration-ms="150" status="PASS">
          <reporter-output>
          </reporter-output>
        </test-method> <!-- quitDriver -->
      </class> <!-- com.vishnu.tests.vendorportal.VendorPortalTest -->
    </test> <!-- user-mike -->
    <test started-at="2026-01-29T19:08:20 GMT" name="user-john" finished-at="2026-01-29T19:08:30 GMT" duration-ms="10110">
      <class name="com.vishnu.tests.vendorportal.VendorPortalTest">
        <test-method is-config="true" signature="setupConfig()[pri:0, instance:com.vishnu.tests.vendorportal.VendorPortalTest@14bee915]" started-at="2026-01-29T19:08:20 GMT" name="setupConfig" finished-at="2026-01-29T19:08:20 GMT" duration-ms="29" status="PASS">
          <reporter-output>
          </reporter-output>
        </test-method> <!-- setupConfig -->
        <test-method is-config="true" signature="setDriver(org.testng.ITestContext)[pri:0, instance:com.vishnu.tests.vendorportal.VendorPortalTest@14bee915]" started-at="2026-01-29T19:08:20 GMT" name="setDriver" finished-at="2026-01-29T19:08:21 GMT" duration-ms="1797" status="PASS">
          <params>
            <param index="0">
              <value>
                <![CDATA[org.testng.TestRunner@4331d187]]>
              </value>
            </param>
          </params>
          <reporter-output>
          </reporter-output>
        </test-method> <!-- setDriver -->
        <test-method is-config="true" signature="setPageObjects(java.lang.String)[pri:0, instance:com.vishnu.tests.vendorportal.VendorPortalTest@14bee915]" started-at="2026-01-29T19:08:21 GMT" name="setPageObjects" finished-at="2026-01-29T19:08:22 GMT" depends-on-methods="com.vishnu.tests.AbstractTest.setDriver" duration-ms="361" status="PASS">
          <params>
            <param index="0">
              <value>
                <![CDATA[test-data/vendor-portal/john.json]]>
              </value>
            </param>
          </params>
          <reporter-output>
          </reporter-output>
        </test-method> <!-- setPageObjects -->
        <test-method signature="loginTest()[pri:0, instance:com.vishnu.tests.vendorportal.VendorPortalTest@14bee915]" started-at="2026-01-29T19:08:22 GMT" name="loginTest" finished-at="2026-01-29T19:08:24 GMT" duration-ms="1890" status="PASS">
          <reporter-output>
          </reporter-output>
        </test-method> <!-- loginTest -->
        <test-method signature="dashboardTest()[pri:0, instance:com.vishnu.tests.vendorportal.VendorPortalTest@14bee915]" started-at="2026-01-29T19:08:24 GMT" name="dashboardTest" finished-at="2026-01-29T19:08:27 GMT" depends-on-methods="com.vishnu.tests.vendorportal.VendorPortalTest.loginTest" duration-ms="2864" status="PASS">
          <reporter-output>
          </reporter-output>
        </test-method> <!-- dashboardTest -->
        <test-method signature="logoutTest()[pri:0, instance:com.vishnu.tests.vendorportal.VendorPortalTest@14bee915]" started-at="2026-01-29T19:08:27 GMT" name="logoutTest" finished-at="2026-01-29T19:08:30 GMT" depends-on-methods="com.vishnu.tests.vendorportal.VendorPortalTest.dashboardTest" duration-ms="3001" status="PASS">
          <reporter-output>
          </reporter-output>
        </test-method> <!-- logoutTest -->
        <test-method is-config="true" signature="quitDriver()[pri:0, instance:com.vishnu.tests.vendorportal.VendorPortalTest@14bee915]" started-at="2026-01-29T19:08:30 GMT" name="quitDriver" finished-at="2026-01-29T19:08:30 GMT" duration-ms="147" status="PASS">
          <reporter-output>
          </reporter-output>
        </test-method> <!-- quitDriver -->
      </class> <!-- com.vishnu.tests.vendorportal.VendorPortalTest -->
    </test> <!-- user-john -->
    <test started-at="2026-01-29T19:08:20 GMT" name="user-sam" finished-at="2026-01-29T19:08:30 GMT" duration-ms="10132">
      <class name="com.vishnu.tests.vendorportal.VendorPortalTest">
        <test-method is-config="true" signature="setDriver(org.testng.ITestContext)[pri:0, instance:com.vishnu.tests.vendorportal.VendorPortalTest@6bf08014]" started-at="2026-01-29T19:08:20 GMT" name="setDriver" finished-at="2026-01-29T19:08:21 GMT" duration-ms="1799" status="PASS">
          <params>
            <param index="0">
              <value>
                <![CDATA[org.testng.TestRunner@8c3619e]]>
              </value>
            </param>
          </params>
          <reporter-output>
          </reporter-output>
        </test-method> <!-- setDriver -->
        <test-method is-config="true" signature="setPageObjects(java.lang.String)[pri:0, instance:com.vishnu.tests.vendorportal.VendorPortalTest@6bf08014]" started-at="2026-01-29T19:08:21 GMT" name="setPageObjects" finished-at="2026-01-29T19:08:22 GMT" depends-on-methods="com.vishnu.tests.AbstractTest.setDriver" duration-ms="362" status="PASS">
          <params>
            <param index="0">
              <value>
                <![CDATA[test-data/vendor-portal/sam.json]]>
              </value>
            </param>
          </params>
          <reporter-output>
          </reporter-output>
        </test-method> <!-- setPageObjects -->
        <test-method signature="loginTest()[pri:0, instance:com.vishnu.tests.vendorportal.VendorPortalTest@6bf08014]" started-at="2026-01-29T19:08:22 GMT" name="loginTest" finished-at="2026-01-29T19:08:24 GMT" duration-ms="1868" status="PASS">
          <reporter-output>
          </reporter-output>
        </test-method> <!-- loginTest -->
        <test-method signature="dashboardTest()[pri:0, instance:com.vishnu.tests.vendorportal.VendorPortalTest@6bf08014]" started-at="2026-01-29T19:08:24 GMT" name="dashboardTest" finished-at="2026-01-29T19:08:27 GMT" depends-on-methods="com.vishnu.tests.vendorportal.VendorPortalTest.loginTest" duration-ms="3570" status="PASS">
          <reporter-output>
          </reporter-output>
        </test-method> <!-- dashboardTest -->
        <test-method signature="logoutTest()[pri:0, instance:com.vishnu.tests.vendorportal.VendorPortalTest@6bf08014]" started-at="2026-01-29T19:08:27 GMT" name="logoutTest" finished-at="2026-01-29T19:08:30 GMT" depends-on-methods="com.vishnu.tests.vendorportal.VendorPortalTest.dashboardTest" duration-ms="2337" status="PASS">
          <reporter-output>
          </reporter-output>
        </test-method> <!-- logoutTest -->
        <test-method is-config="true" signature="quitDriver()[pri:0, instance:com.vishnu.tests.vendorportal.VendorPortalTest@6bf08014]" started-at="2026-01-29T19:08:30 GMT" name="quitDriver" finished-at="2026-01-29T19:08:30 GMT" duration-ms="143" status="PASS">
          <reporter-output>
          </reporter-output>
        </test-method> <!-- quitDriver -->
      </class> <!-- com.vishnu.tests.vendorportal.VendorPortalTest -->
    </test> <!-- user-sam -->
  </suite> <!-- vendor-portal -->
</testng-results>
