<?xml version="1.0" encoding="UTF-8"?>
<testng-results ignored="0" total="20" passed="20" failed="0" skipped="0">
  <reporter-output>
  </reporter-output>
  <suite started-at="2026-01-29T19:08:20 GMT" name="flight-reservation" finished-at="2026-01-29T19:08:41 GMT" duration-ms="21523">
    <groups>
    </groups>
    <test started-at="2026-01-29T19:08:20 GMT" name="passengers-count-4" finished-at="2026-01-29T19:08:36 GMT" duration-ms="16151">
      <class name="com.vishnu.tests.flightreservation.FlightReservationTest">
        <test-method is-config="true" signature="setupConfig()[pri:0, instance:com.vishnu.tests.flightreservation.FlightReservationTest@43b9fd5]" started-at="2026-01-29T19:08:20 GMT" name="setupConfig" finished-at="2026-01-29T19:08:20 GMT" duration-ms="38" status="PASS">
          <reporter-output>
          </reporter-output>
        </test-method> <!-- setupConfig -->
        <test-method is-config="true" signature="setDriver(org.testng.ITestContext)[pri:0, instance:com.vishnu.tests.flightreservation.FlightReservationTest@43b9fd5]" started-at="2026-01-29T19:08:20 GMT" name="setDriver" finished-at="2026-01-29T19:08:26 GMT" duration-ms="6226" status="PASS">
          <params>
            <param index="0">
              <value>
                <![CDATA[org.testng.TestRunner@3c7c886c]]>
              </value>
            </param>
          </params>
          <reporter-output>
          </reporter-output>
        </test-method> <!-- setDriver -->
        <test-method is-config="true" signature="setParameters(java.lang.String,java.lang.String)[pri:0, instance:com.vishnu.tests.flightreservation.FlightReservationTest@43b9fd5]" started-at="2026-01-29T19:08:26 GMT" name="setParameters" finished-at="2026-01-29T19:08:26 GMT" depends-on-methods="com.vishnu.tests.AbstractTest.setDriver" duration-ms="6" status="PASS">
          <params>
            <param index="0">
              <value>
                <![CDATA[4]]>
              </value>
            </param>
            <param index="1">
              <value>
                <![CDATA[$2338 USD]]>
              </value>
            </param>
          </params>
          <reporter-output>
          </reporter-output>
        </test-method> <!-- setParameters -->
        <test-method signature="userRegistrationTest()[pri:0, instance:com.vishnu.tests.flightreservation.FlightReservationTest@43b9fd5]" started-at="2026-01-29T19:08:26 GMT" name="userRegistrationTest" finished-at="2026-01-29T19:08:30 GMT" duration-ms="3871" status="PASS">
          <reporter-output>
          </reporter-output>
        </test-method> <!-- userRegistrationTest -->
        <test-method signature="registrationConfirmationTest()[pri:0, instance:com.vishnu.tests.flightreservation.FlightReservationTest@43b9fd5]" started-at="2026-01-29T19:08:30 GMT" name="registrationConfirmationTest" finished-at="2026-01-29T19:08:32 GMT" depends-on-methods="com.vishnu.tests.flightreservation.FlightReservationTest.userRegistrationTest" duration-ms="2167" status="PASS">
          <reporter-output>
          </reporter-output>
        </test-method> <!-- registrationConfirmationTest -->
        <test-method signature="flightSearchTest()[pri:0, instance:com.vishnu.tests.flightreservation.FlightReservationTest@43b9fd5]" started-at="2026-01-29T19:08:32 GMT" name="flightSearchTest" finished-at="2026-01-29T19:08:33 GMT" depends-on-methods="com.vishnu.tests.flightreservation.FlightReservationTest.registrationConfirmationTest" duration-ms="1079" status="PASS">
          <reporter-output>
          </reporter-output>
        </test-method> <!-- flightSearchTest -->
        <test-method signature="flightSelectionTest()[pri:0, instance:com.vishnu.tests.flightreservation.FlightReservationTest@43b9fd5]" started-at="2026-01-29T19:08:33 GMT" name="flightSelectionTest" finished-at="2026-01-29T19:08:35 GMT" depends-on-methods="com.vishnu.tests.flightreservation.FlightReservationTest.flightSearchTest" duration-ms="1986" status="PASS">
          <reporter-output>
          </reporter-output>
        </test-method> <!-- flightSelectionTest -->
        <test-method signature="flightReservationConfirmationTest()[pri:0, instance:com.vishnu.tests.flightreservation.FlightReservationTest@43b9fd5]" started-at="2026-01-29T19:08:35 GMT" name="flightReservationConfirmationTest" finished-at="2026-01-29T19:08:35 GMT" depends-on-methods="com.vishnu.tests.flightreservation.FlightReservationTest.flightSelectionTest" duration-ms="110" status="PASS">
          <reporter-output>
          </reporter-output>
        </test-method> <!-- flightReservationConfirmationTest -->
        <test-method is-config="true" signature="quitDriver()[pri:0, instance:com.vishnu.tests.flightreservation.FlightReservationTest@43b9fd5]" started-at="2026-01-29T19:08:35 GMT" name="quitDriver" finished-at="2026-01-29T19:08:36 GMT" duration-ms="603" status="PASS">
          <reporter-output>
          </reporter-output>
        </test-method> <!-- quitDriver -->
      </class> <!-- com.vishnu.tests.flightreservation.FlightReservationTest -->
    </test> <!-- passengers-count-4 -->
    <test started-at="2026-01-29T19:08:20 GMT" name="passengers-count-2" finished-at="2026-01-29T19:08:39 GMT" duration-ms="19052">
      <class name="com.vishnu.tests.flightreservation.FlightReservationTest">
        <test-method is-config="true" signature="setDriver(org.testng.ITestContext)[pri:0, instance:com.vishnu.tests.flightreservation.FlightReservationTest@14bee915]" started-at="2026-01-29T19:08:20 GMT" name="setDriver" finished-at="2026-01-29T19:08:29 GMT" duration-ms="9058" status="PASS">
          <params>
            <param index="0">
              <value>
                <![CDATA[org.testng.TestRunner@4426bff1]]>
              </value>
            </param>
          </params>
          <reporter-output>
          </reporter-output>
        </test-method> <!-- setDriver -->
        <test-method is-config="true" signature="setParameters(java.lang.String,java.lang.String)[pri:0, instance:com.vishnu.tests.flightreservation.FlightReservationTest@14bee915]" started-at="2026-01-29T19:08:29 GMT" name="setParameters" finished-at="2026-01-29T19:08:29 GMT" depends-on-methods="com.vishnu.tests.AbstractTest.setDriver" duration-ms="1" status="PASS">
          <params>
            <param index="0">
              <value>
                <![CDATA[2]]>
              </value>
            </param>
            <param index="1">
              <value>
                <![CDATA[$1169 USD]]>
              </value>
            </param>
          </params>
          <reporter-output>
          </reporter-output>
        </test-method> <!-- setParameters -->
        <test-method signature="userRegistrationTest()[pri:0, instance:com.vishnu.tests.flightreservation.FlightReservationTest@14bee915]" started-at="2026-01-29T19:08:29 GMT" name="userRegistrationTest" finished-at="2026-01-29T19:08:32 GMT" duration-ms="3090" status="PASS">
          <reporter-output>
          </reporter-output>
        </test-method> <!-- userRegistrationTest -->
        <test-method signature="registrationConfirmationTest()[pri:0, instance:com.vishnu.tests.flightreservation.FlightReservationTest@14bee915]" started-at="2026-01-29T19:08:32 GMT" name="registrationConfirmationTest" finished-at="2026-01-29T19:08:34 GMT" depends-on-methods="com.vishnu.tests.flightreservation.FlightReservationTest.userRegistrationTest" duration-ms="1669" status="PASS">
          <reporter-output>
          </reporter-output>
        </test-method> <!-- registrationConfirmationTest -->
        <test-method signature="flightSearchTest()[pri:0, instance:com.vishnu.tests.flightreservation.FlightReservationTest@14bee915]" started-at="2026-01-29T19:08:34 GMT" name="flightSearchTest" finished-at="2026-01-29T19:08:36 GMT" depends-on-methods="com.vishnu.tests.flightreservation.FlightReservationTest.registrationConfirmationTest" duration-ms="2224" status="PASS">
          <reporter-output>
          </reporter-output>
        </test-method> <!-- flightSearchTest -->
        <test-method signature="flightSelectionTest()[pri:0, instance:com.vishnu.tests.flightreservation.FlightReservationTest@14bee915]" started-at="2026-01-29T19:08:36 GMT" name="flightSelectionTest" finished-at="2026-01-29T19:08:37 GMT" depends-on-methods="com.vishnu.tests.flightreservation.FlightReservationTest.flightSearchTest" duration-ms="770" status="PASS">
          <reporter-output>
          </reporter-output>
        </test-method> <!-- flightSelectionTest -->
        <test-method signature="flightReservationConfirmationTest()[pri:0, instance:com.vishnu.tests.flightreservation.FlightReservationTest@14bee915]" started-at="2026-01-29T19:08:37 GMT" name="flightReservationConfirmationTest" finished-at="2026-01-29T19:08:38 GMT" depends-on-methods="com.vishnu.tests.flightreservation.FlightReservationTest.flightSelectionTest" duration-ms="1653" status="PASS">
          <reporter-output>
          </reporter-output>
        </test-method> <!-- flightReservationConfirmationTest -->
        <test-method is-config="true" signature="quitDriver()[pri:0, instance:com.vishnu.tests.flightreservation.FlightReservationTest@14bee915]" started-at="2026-01-29T19:08:38 GMT" name="quitDriver" finished-at="2026-01-29T19:08:39 GMT" duration-ms="564" status="PASS">
          <reporter-output>
          </reporter-output>
        </test-method> <!-- quitDriver -->
      </class> <!-- com.vishnu.tests.flightreservation.FlightReservationTest -->
    </test> <!-- passengers-count-2 -->
    <test started-at="2026-01-29T19:08:20 GMT" name="passengers-count-3" finished-at="2026-01-29T19:08:40 GMT" duration-ms="20316">
      <class name="com.vishnu.tests.flightreservation.FlightReservationTest">
        <test-method is-config="true" signature="setDriver(org.testng.ITestContext)[pri:0, instance:com.vishnu.tests.flightreservation.FlightReservationTest@82ea68c]" started-at="2026-01-29T19:08:20 GMT" name="setDriver" finished-at="2026-01-29T19:08:33 GMT" duration-ms="12987" status="PASS">
          <params>
            <param index="0">
              <value>
                <![CDATA[org.testng.TestRunner@5812f68b]]>
              </value>
            </param>
          </params>
          <reporter-output>
          </reporter-output>
        </test-method> <!-- setDriver -->
        <test-method is-config="true" signature="setParameters(java.lang.String,java.lang.String)[pri:0, instance:com.vishnu.tests.flightreservation.FlightReservationTest@82ea68c]" started-at="2026-01-29T19:08:33 GMT" name="setParameters" finished-at="2026-01-29T19:08:33 GMT" depends-on-methods="com.vishnu.tests.AbstractTest.setDriver" duration-ms="1" status="PASS">
          <params>
            <param index="0">
              <value>
                <![CDATA[3]]>
              </value>
            </param>
            <param index="1">
              <value>
                <![CDATA[$1753 USD]]>
              </value>
            </param>
          </params>
          <reporter-output>
          </reporter-output>
        </test-method> <!-- setParameters -->
        <test-method signature="userRegistrationTest()[pri:0, instance:com.vishnu.tests.flightreservation.FlightReservationTest@82ea68c]" started-at="2026-01-29T19:08:33 GMT" name="userRegistrationTest" finished-at="2026-01-29T19:08:35 GMT" duration-ms="1926" status="PASS">
          <reporter-output>
          </reporter-output>
        </test-method> <!-- userRegistrationTest -->
        <test-method signature="registrationConfirmationTest()[pri:0, instance:com.vishnu.tests.flightreservation.FlightReservationTest@82ea68c]" started-at="2026-01-29T19:08:35 GMT" name="registrationConfirmationTest" finished-at="2026-01-29T19:08:36 GMT" depends-on-methods="com.vishnu.tests.flightreservation.FlightReservationTest.userRegistrationTest" duration-ms="1373" status="PASS">
          <reporter-output>
          </reporter-output>
        </test-method> <!-- registrationConfirmationTest -->
        <test-method signature="flightSearchTest()[pri:0, instance:com.vishnu.tests.flightreservation.FlightReservationTest@82ea68c]" started-at="2026-01-29T19:08:36 GMT" name="flightSearchTest" finished-at="2026-01-29T19:08:38 GMT" depends-on-methods="com.vishnu.tests.flightreservation.FlightReservationTest.registrationConfirmationTest" duration-ms="2136" status="PASS">
          <reporter-output>
          </reporter-output>
        </test-method> <!-- flightSearchTest -->
        <test-method signature="flightSelectionTest()[pri:0, instance:com.vishnu.tests.flightreservation.FlightReservationTest@82ea68c]" started-at="2026-01-29T19:08:38 GMT" name="flightSelectionTest" finished-at="2026-01-29T19:08:39 GMT" depends-on-methods="com.vishnu.tests.flightreservation.FlightReservationTest.flightSearchTest" duration-ms="709" status="PASS">
          <reporter-output>
          </reporter-output>
        </test-method> <!-- flightSelectionTest -->
        <test-method signature="flightReservationConfirmationTest()[pri:0, instance:com.vishnu.tests.flightreservation.FlightReservationTest@82ea68c]" started-at="2026-01-29T19:08:39 GMT" name="flightReservationConfirmationTest" finished-at="2026-01-29T19:08:40 GMT" depends-on-methods="com.vishnu.tests.flightreservation.FlightReservationTest.flightSelectionTest" duration-ms="605" status="PASS">
          <reporter-output>
          </reporter-output>
        </test-method> <!-- flightReservationConfirmationTest -->
        <test-method is-config="true" signature="quitDriver()[pri:0, instance:com.vishnu.tests.flightreservation.FlightReservationTest@82ea68c]" started-at="2026-01-29T19:08:40 GMT" name="quitDriver" finished-at="2026-01-29T19:08:40 GMT" duration-ms="560" status="PASS">
          <reporter-output>
          </reporter-output>
        </test-method> <!-- quitDriver -->
      </class> <!-- com.vishnu.tests.flightreservation.FlightReservationTest -->
    </test> <!-- passengers-count-3 -->
    <test started-at="2026-01-29T19:08:20 GMT" name="passengers-count-1" finished-at="2026-01-29T19:08:41 GMT" duration-ms="21523">
      <class name="com.vishnu.tests.flightreservation.FlightReservationTest">
        <test-method is-config="true" signature="setDriver(org.testng.ITestContext)[pri:0, instance:com.vishnu.tests.flightreservation.FlightReservationTest@1fb19a0]" started-at="2026-01-29T19:08:20 GMT" name="setDriver" finished-at="2026-01-29T19:08:31 GMT" duration-ms="11395" status="PASS">
          <params>
            <param index="0">
              <value>
                <![CDATA[org.testng.TestRunner@b2c5e07]]>
              </value>
            </param>
          </params>
          <reporter-output>
          </reporter-output>
        </test-method> <!-- setDriver -->
        <test-method is-config="true" signature="setParameters(java.lang.String,java.lang.String)[pri:0, instance:com.vishnu.tests.flightreservation.FlightReservationTest@1fb19a0]" started-at="2026-01-29T19:08:31 GMT" name="setParameters" finished-at="2026-01-29T19:08:31 GMT" depends-on-methods="com.vishnu.tests.AbstractTest.setDriver" duration-ms="1" status="PASS">
          <params>
            <param index="0">
              <value>
                <![CDATA[1]]>
              </value>
            </param>
            <param index="1">
              <value>
                <![CDATA[$584 USD]]>
              </value>
            </param>
          </params>
          <reporter-output>
          </reporter-output>
        </test-method> <!-- setParameters -->
        <test-method signature="userRegistrationTest()[pri:0, instance:com.vishnu.tests.flightreservation.FlightReservationTest@1fb19a0]" started-at="2026-01-29T19:08:31 GMT" name="userRegistrationTest" finished-at="2026-01-29T19:08:34 GMT" duration-ms="2774" status="PASS">
          <reporter-output>
          </reporter-output>
        </test-method> <!-- userRegistrationTest -->
        <test-method signature="registrationConfirmationTest()[pri:0, instance:com.vishnu.tests.flightreservation.FlightReservationTest@1fb19a0]" started-at="2026-01-29T19:08:34 GMT" name="registrationConfirmationTest" finished-at="2026-01-29T19:08:36 GMT" depends-on-methods="com.vishnu.tests.flightreservation.FlightReservationTest.userRegistrationTest" duration-ms="1918" status="PASS">
          <reporter-output>
          </reporter-output>
        </test-method> <!-- registrationConfirmationTest -->
        <test-method signature="flightSearchTest()[pri:0, instance:com.vishnu.tests.flightreservation.FlightReservationTest@1fb19a0]" started-at="2026-01-29T19:08:36 GMT" name="flightSearchTest" finished-at="2026-01-29T19:08:36 GMT" depends-on-methods="com.vishnu.tests.flightreservation.FlightReservationTest.registrationConfirmationTest" duration-ms="389" status="PASS">
          <reporter-output>
          </reporter-output>
        </test-method> <!-- flightSearchTest -->
        <test-method signature="flightSelectionTest()[pri:0, instance:com.vishnu.tests.flightreservation.FlightReservationTest@1fb19a0]" started-at="2026-01-29T19:08:36 GMT" name="flightSelectionTest" finished-at="2026-01-29T19:08:39 GMT" depends-on-methods="com.vishnu.tests.flightreservation.FlightReservationTest.flightSearchTest" duration-ms="2296" status="PASS">
          <reporter-output>
          </reporter-output>
        </test-method> <!-- flightSelectionTest -->
        <test-method signature="flightReservationConfirmationTest()[pri:0, instance:com.vishnu.tests.flightreservation.FlightReservationTest@1fb19a0]" started-at="2026-01-29T19:08:39 GMT" name="flightReservationConfirmationTest" finished-at="2026-01-29T19:08:41 GMT" depends-on-methods="com.vishnu.tests.flightreservation.FlightReservationTest.flightSelectionTest" duration-ms="2186" status="PASS">
          <reporter-output>
          </reporter-output>
        </test-method> <!-- flightReservationConfirmationTest -->
        <test-method is-config="true" signature="quitDriver()[pri:0, instance:com.vishnu.tests.flightreservation.FlightReservationTest@1fb19a0]" started-at="2026-01-29T19:08:41 GMT" name="quitDriver" finished-at="2026-01-29T19:08:41 GMT" duration-ms="547" status="PASS">
          <reporter-output>
          </reporter-output>
        </test-method> <!-- quitDriver -->
      </class> <!-- com.vishnu.tests.flightreservation.FlightReservationTest -->
    </test> <!-- passengers-count-1 -->
  </suite> <!-- flight-reservation -->
</testng-results>
