<?xml version="1.0" encoding="UTF-8"?>
<!-- Generated by org.testng.reporters.JUnitReportReporter -->
<testsuite hostname="1de944796c94" failures="0" tests="20" name="com.vishnu.tests.flightreservation.FlightReservationTest" time="34.931" errors="0" timestamp="2026-01-29T19:08:41 GMT" skipped="0">
  <testcase classname="com.vishnu.tests.flightreservation.FlightReservationTest" name="registrationConfirmationTest" time="1.918"/>
  <testcase classname="com.vishnu.tests.flightreservation.FlightReservationTest" name="flightSelectionTest" time="2.296"/>
  <testcase classname="com.vishnu.tests.flightreservation.FlightReservationTest" name="userRegistrationTest" time="3.871"/>
  <testcase classname="com.vishnu.tests.flightreservation.FlightReservationTest" name="flightSelectionTest" time="0.770"/>
  <testcase classname="com.vishnu.tests.flightreservation.FlightReservationTest" name="flightReservationConfirmationTest" time="0.605"/>
  <testcase classname="com.vishnu.tests.flightreservation.FlightReservationTest" name="flightSearchTest" time="0.389"/>
  <testcase classname="com.vishnu.tests.flightreservation.FlightReservationTest" name="flightReservationConfirmationTest" time="2.186"/>
  <testcase classname="com.vishnu.tests.flightreservation.FlightReservationTest" name="userRegistrationTest" time="3.090"/>
  <testcase classname="com.vishnu.tests.flightreservation.FlightReservationTest" name="flightSelectionTest" time="1.986"/>
  <testcase classname="com.vishnu.tests.flightreservation.FlightReservationTest" name="registrationConfirmationTest" time="1.373"/>
  <testcase classname="com.vishnu.tests.flightreservation.FlightReservationTest" name="flightReservationConfirmationTest" time="1.653"/>
  <testcase classname="com.vishnu.tests.flightreservation.FlightReservationTest" name="registrationConfirmationTest" time="2.167"/>
  <testcase classname="com.vishnu.tests.flightreservation.FlightReservationTest" name="userRegistrationTest" time="2.774"/>
  <testcase classname="com.vishnu.tests.flightreservation.FlightReservationTest" name="userRegistrationTest" time="1.926"/>
  <testcase classname="com.vishnu.tests.flightreservation.FlightReservationTest" name="flightSearchTest" time="2.136"/>
  <testcase classname="com.vishnu.tests.flightreservation.FlightReservationTest" name="flightSearchTest" time="1.079"/>
  <testcase classname="com.vishnu.tests.flightreservation.FlightReservationTest" name="flightReservationConfirmationTest" time="0.110"/>
  <testcase classname="com.vishnu.tests.flightreservation.FlightReservationTest" name="flightSelectionTest" time="0.709"/>
  <testcase classname="com.vishnu.tests.flightreservation.FlightReservationTest" name="flightSearchTest" time="2.224"/>
  <testcase classname="com.vishnu.tests.flightreservation.FlightReservationTest" name="registrationConfirmationTest" time="1.669"/>
</testsuite> <!-- com.vishnu.tests.flightreservation.FlightReservationTest -->
